# JRE version: OpenJDK Runtime Environment (8.0_152-b06) (build 1.8.0_152-release-1136-b06)
# Java VM: OpenJDK 64-Bit Server VM (25.152-b06 mixed mode windows-amd64 compressed oops)
Heap:
 PSYoungGen      total 114688K, used 56526K [0x00000000e0000000, 0x00000000e7b00000, 0x0000000100000000)
  eden space 105472K, 45% used [0x00000000e0000000,0x00000000e2f026a0,0x00000000e6700000)
  from space 9216K, 91% used [0x00000000e7100000,0x00000000e7931250,0x00000000e7a00000)
  to   space 10240K, 0% used [0x00000000e6700000,0x00000000e6700000,0x00000000e7100000)
 ParOldGen       total 56832K, used 16220K [0x00000000a0000000, 0x00000000a3780000, 0x00000000e0000000)
  object space 56832K, 28% used [0x00000000a0000000,0x00000000a0fd7078,0x00000000a3780000)
 Metaspace       used 42634K, capacity 43748K, committed 44032K, reserved 1087488K
  class space    used 5762K, capacity 6096K, committed 6144K, reserved 1048576K
GC Heap History (10 events):
Event: 18.226 GC heap before
{Heap before GC invocations=10 (full 1):
 PSYoungGen      total 70656K, used 64000K [0x00000000e0000000, 0x00000000e4d00000, 0x0000000100000000)
  eden space 64000K, 100% used [0x00000000e0000000,0x00000000e3e80000,0x00000000e3e80000)
  from space 6656K, 0% used [0x00000000e4580000,0x00000000e4580000,0x00000000e4c00000)
  to   space 7168K, 0% used [0x00000000e3e80000,0x00000000e3e80000,0x00000000e4580000)
 ParOldGen       total 35840K, used 9187K [0x00000000a0000000, 0x00000000a2300000, 0x00000000e0000000)
  object space 35840K, 25% used [0x00000000a0000000,0x00000000a08f8e90,0x00000000a2300000)
 Metaspace       used 26655K, capacity 27170K, committed 27392K, reserved 1073152K
  class space    used 3646K, capacity 3801K, committed 3840K, reserved 1048576K
Event: 18.247 GC heap after
Heap after GC invocations=10 (full 1):
 PSYoungGen      total 71168K, used 7106K [0x00000000e0000000, 0x00000000e6100000, 0x0000000100000000)
  eden space 64000K, 0% used [0x00000000e0000000,0x00000000e0000000,0x00000000e3e80000)
  from space 7168K, 99% used [0x00000000e3e80000,0x00000000e4570888,0x00000000e4580000)
  to   space 7680K, 0% used [0x00000000e5980000,0x00000000e5980000,0x00000000e6100000)
 ParOldGen       total 35840K, used 9195K [0x00000000a0000000, 0x00000000a2300000, 0x00000000e0000000)
  object space 35840K, 25% used [0x00000000a0000000,0x00000000a08fae90,0x00000000a2300000)
 Metaspace       used 26655K, capacity 27170K, committed 27392K, reserved 1073152K
  class space    used 3646K, capacity 3801K, committed 3840K, reserved 1048576K
}
Event: 26.164 GC heap before
{Heap before GC invocations=11 (full 1):
 PSYoungGen      total 71168K, used 71106K [0x00000000e0000000, 0x00000000e6100000, 0x0000000100000000)
  eden space 64000K, 100% used [0x00000000e0000000,0x00000000e3e80000,0x00000000e3e80000)
  from space 7168K, 99% used [0x00000000e3e80000,0x00000000e4570888,0x00000000e4580000)
  to   space 7680K, 0% used [0x00000000e5980000,0x00000000e5980000,0x00000000e6100000)
 ParOldGen       total 35840K, used 9195K [0x00000000a0000000, 0x00000000a2300000, 0x00000000e0000000)
  object space 35840K, 25% used [0x00000000a0000000,0x00000000a08fae90,0x00000000a2300000)
 Metaspace       used 29960K, capacity 30484K, committed 30720K, reserved 1075200K
  class space    used 4169K, capacity 4351K, committed 4352K, reserved 1048576K
Event: 26.248 GC heap after
Heap after GC invocations=11 (full 1):
 PSYoungGen      total 90624K, used 7664K [0x00000000e0000000, 0x00000000e6300000, 0x0000000100000000)
  eden space 82944K, 0% used [0x00000000e0000000,0x00000000e0000000,0x00000000e5100000)
  from space 7680K, 99% used [0x00000000e5980000,0x00000000e60fc290,0x00000000e6100000)
  to   space 8704K, 0% used [0x00000000e5100000,0x00000000e5100000,0x00000000e5980000)
 ParOldGen       total 35840K, used 9835K [0x00000000a0000000, 0x00000000a2300000, 0x00000000e0000000)
  object space 35840K, 27% used [0x00000000a0000000,0x00000000a099afc0,0x00000000a2300000)
 Metaspace       used 29960K, capacity 30484K, committed 30720K, reserved 1075200K
  class space    used 4169K, capacity 4351K, committed 4352K, reserved 1048576K
}
Event: 36.202 GC heap before
{Heap before GC invocations=12 (full 1):
 PSYoungGen      total 90624K, used 40386K [0x00000000e0000000, 0x00000000e6300000, 0x0000000100000000)
  eden space 82944K, 39% used [0x00000000e0000000,0x00000000e1ff4968,0x00000000e5100000)
  from space 7680K, 99% used [0x00000000e5980000,0x00000000e60fc290,0x00000000e6100000)
  to   space 8704K, 0% used [0x00000000e5100000,0x00000000e5100000,0x00000000e5980000)
 ParOldGen       total 35840K, used 9835K [0x00000000a0000000, 0x00000000a2300000, 0x00000000e0000000)
  object space 35840K, 27% used [0x00000000a0000000,0x00000000a099afc0,0x00000000a2300000)
 Metaspace       used 34527K, capacity 35264K, committed 35416K, reserved 1079296K
  class space    used 4787K, capacity 5052K, committed 5120K, reserved 1048576K
Event: 36.234 GC heap after
Heap after GC invocations=12 (full 1):
 PSYoungGen      total 91648K, used 6832K [0x00000000e0000000, 0x00000000e7a00000, 0x0000000100000000)
  eden space 82944K, 0% used [0x00000000e0000000,0x00000000e0000000,0x00000000e5100000)
  from space 8704K, 78% used [0x00000000e5100000,0x00000000e57ac020,0x00000000e5980000)
  to   space 9216K, 0% used [0x00000000e7100000,0x00000000e7100000,0x00000000e7a00000)
 ParOldGen       total 35840K, used 12856K [0x00000000a0000000, 0x00000000a2300000, 0x00000000e0000000)
  object space 35840K, 35% used [0x00000000a0000000,0x00000000a0c8e370,0x00000000a2300000)
 Metaspace       used 34527K, capacity 35264K, committed 35416K, reserved 1079296K
  class space    used 4787K, capacity 5052K, committed 5120K, reserved 1048576K
}
Event: 36.234 GC heap before
{Heap before GC invocations=13 (full 2):
 PSYoungGen      total 91648K, used 6832K [0x00000000e0000000, 0x00000000e7a00000, 0x0000000100000000)
  eden space 82944K, 0% used [0x00000000e0000000,0x00000000e0000000,0x00000000e5100000)
  from space 8704K, 78% used [0x00000000e5100000,0x00000000e57ac020,0x00000000e5980000)
  to   space 9216K, 0% used [0x00000000e7100000,0x00000000e7100000,0x00000000e7a00000)
 ParOldGen       total 35840K, used 12856K [0x00000000a0000000, 0x00000000a2300000, 0x00000000e0000000)
  object space 35840K, 35% used [0x00000000a0000000,0x00000000a0c8e370,0x00000000a2300000)
 Metaspace       used 34527K, capacity 35264K, committed 35416K, reserved 1079296K
  class space    used 4787K, capacity 5052K, committed 5120K, reserved 1048576K
Event: 36.482 GC heap after
Heap after GC invocations=13 (full 2):
 PSYoungGen      total 91648K, used 0K [0x00000000e0000000, 0x00000000e7a00000, 0x0000000100000000)
  eden space 82944K, 0% used [0x00000000e0000000,0x00000000e0000000,0x00000000e5100000)
  from space 8704K, 0% used [0x00000000e5100000,0x00000000e5100000,0x00000000e5980000)
  to   space 9216K, 0% used [0x00000000e7100000,0x00000000e7100000,0x00000000e7a00000)
 ParOldGen       total 56832K, used 16212K [0x00000000a0000000, 0x00000000a3780000, 0x00000000e0000000)
  object space 56832K, 28% used [0x00000000a0000000,0x00000000a0fd5078,0x00000000a3780000)
 Metaspace       used 34527K, capacity 35264K, committed 35416K, reserved 1079296K
  class space    used 4787K, capacity 5052K, committed 5120K, reserved 1048576K
}
Event: 41.217 GC heap before
{Heap before GC invocations=14 (full 2):
 PSYoungGen      total 91648K, used 82944K [0x00000000e0000000, 0x00000000e7a00000, 0x0000000100000000)
  eden space 82944K, 100% used [0x00000000e0000000,0x00000000e5100000,0x00000000e5100000)
  from space 8704K, 0% used [0x00000000e5100000,0x00000000e5100000,0x00000000e5980000)
  to   space 9216K, 0% used [0x00000000e7100000,0x00000000e7100000,0x00000000e7a00000)
 ParOldGen       total 56832K, used 16212K [0x00000000a0000000, 0x00000000a3780000, 0x00000000e0000000)
  object space 56832K, 28% used [0x00000000a0000000,0x00000000a0fd5078,0x00000000a3780000)
 Metaspace       used 39689K, capacity 40590K, committed 41088K, reserved 1085440K
  class space    used 5393K, capacity 5691K, committed 5760K, reserved 1048576K
Event: 41.256 GC heap after
Heap after GC invocations=14 (full 2):
 PSYoungGen      total 114688K, used 8388K [0x00000000e0000000, 0x00000000e7b00000, 0x0000000100000000)
  eden space 105472K, 0% used [0x00000000e0000000,0x00000000e0000000,0x00000000e6700000)
  from space 9216K, 91% used [0x00000000e7100000,0x00000000e7931250,0x00000000e7a00000)
  to   space 10240K, 0% used [0x00000000e6700000,0x00000000e6700000,0x00000000e7100000)
 ParOldGen       total 56832K, used 16220K [0x00000000a0000000, 0x00000000a3780000, 0x00000000e0000000)
  object space 56832K, 28% used [0x00000000a0000000,0x00000000a0fd7078,0x00000000a3780000)
 Metaspace       used 39689K, capacity 40590K, committed 41088K, reserved 1085440K
  class space    used 5393K, capacity 5691K, committed 5760K, reserved 1048576K
}

