# JRE version: OpenJDK Runtime Environment (8.0_152-b06) (build 1.8.0_152-release-1136-b06)
# Java VM: OpenJDK 64-Bit Server VM (25.152-b06 mixed mode windows-amd64 compressed oops)
Heap:
 PSYoungGen      total 38400K, used 17073K [0x00000000e0000000, 0x00000000e3400000, 0x0000000100000000)
  eden space 33280K, 42% used [0x00000000e0000000,0x00000000e0dc0338,0x00000000e2080000)
  from space 5120K, 58% used [0x00000000e2080000,0x00000000e236c220,0x00000000e2580000)
  to   space 5120K, 0% used [0x00000000e2f00000,0x00000000e2f00000,0x00000000e3400000)
 ParOldGen       total 33280K, used 10175K [0x00000000a0000000, 0x00000000a2080000, 0x00000000e0000000)
  object space 33280K, 30% used [0x00000000a0000000,0x00000000a09efca8,0x00000000a2080000)
 Metaspace       used 28365K, capacity 28936K, committed 29312K, reserved 1075200K
  class space    used 3960K, capacity 4155K, committed 4224K, reserved 1048576K
GC Heap History (10 events):
Event: 15.201 GC heap before
{Heap before GC invocations=10 (full 0):
 PSYoungGen      total 21504K, used 5359K [0x00000000e0000000, 0x00000000e2300000, 0x0000000100000000)
  eden space 15872K, 10% used [0x00000000e0000000,0x00000000e01ab980,0x00000000e0f80000)
  from space 5632K, 64% used [0x00000000e0f80000,0x00000000e1310468,0x00000000e1500000)
  to   space 5120K, 0% used [0x00000000e1e00000,0x00000000e1e00000,0x00000000e2300000)
 ParOldGen       total 44032K, used 7635K [0x00000000a0000000, 0x00000000a2b00000, 0x00000000e0000000)
  object space 44032K, 17% used [0x00000000a0000000,0x00000000a0774e20,0x00000000a2b00000)
 Metaspace       used 20709K, capacity 21160K, committed 21248K, reserved 1067008K
  class space    used 2882K, capacity 3044K, committed 3072K, reserved 1048576K
Event: 15.219 GC heap after
Heap after GC invocations=10 (full 0):
 PSYoungGen      total 30208K, used 1714K [0x00000000e0000000, 0x00000000e2400000, 0x0000000100000000)
  eden space 25088K, 0% used [0x00000000e0000000,0x00000000e0000000,0x00000000e1880000)
  from space 5120K, 33% used [0x00000000e1e00000,0x00000000e1fac980,0x00000000e2300000)
  to   space 5632K, 0% used [0x00000000e1880000,0x00000000e1880000,0x00000000e1e00000)
 ParOldGen       total 44032K, used 8723K [0x00000000a0000000, 0x00000000a2b00000, 0x00000000e0000000)
  object space 44032K, 19% used [0x00000000a0000000,0x00000000a0884cd0,0x00000000a2b00000)
 Metaspace       used 20709K, capacity 21160K, committed 21248K, reserved 1067008K
  class space    used 2882K, capacity 3044K, committed 3072K, reserved 1048576K
}
Event: 15.219 GC heap before
{Heap before GC invocations=11 (full 1):
 PSYoungGen      total 30208K, used 1714K [0x00000000e0000000, 0x00000000e2400000, 0x0000000100000000)
  eden space 25088K, 0% used [0x00000000e0000000,0x00000000e0000000,0x00000000e1880000)
  from space 5120K, 33% used [0x00000000e1e00000,0x00000000e1fac980,0x00000000e2300000)
  to   space 5632K, 0% used [0x00000000e1880000,0x00000000e1880000,0x00000000e1e00000)
 ParOldGen       total 44032K, used 8723K [0x00000000a0000000, 0x00000000a2b00000, 0x00000000e0000000)
  object space 44032K, 19% used [0x00000000a0000000,0x00000000a0884cd0,0x00000000a2b00000)
 Metaspace       used 20709K, capacity 21160K, committed 21248K, reserved 1067008K
  class space    used 2882K, capacity 3044K, committed 3072K, reserved 1048576K
Event: 15.451 GC heap after
Heap after GC invocations=11 (full 1):
 PSYoungGen      total 30208K, used 0K [0x00000000e0000000, 0x00000000e2400000, 0x0000000100000000)
  eden space 25088K, 0% used [0x00000000e0000000,0x00000000e0000000,0x00000000e1880000)
  from space 5120K, 0% used [0x00000000e1e00000,0x00000000e1e00000,0x00000000e2300000)
  to   space 5632K, 0% used [0x00000000e1880000,0x00000000e1880000,0x00000000e1e00000)
 ParOldGen       total 33280K, used 7923K [0x00000000a0000000, 0x00000000a2080000, 0x00000000e0000000)
  object space 33280K, 23% used [0x00000000a0000000,0x00000000a07bcf48,0x00000000a2080000)
 Metaspace       used 20709K, capacity 21160K, committed 21248K, reserved 1067008K
  class space    used 2882K, capacity 3044K, committed 3072K, reserved 1048576K
}
Event: 17.426 GC heap before
{Heap before GC invocations=12 (full 1):
 PSYoungGen      total 30208K, used 25088K [0x00000000e0000000, 0x00000000e2400000, 0x0000000100000000)
  eden space 25088K, 100% used [0x00000000e0000000,0x00000000e1880000,0x00000000e1880000)
  from space 5120K, 0% used [0x00000000e1e00000,0x00000000e1e00000,0x00000000e2300000)
  to   space 5632K, 0% used [0x00000000e1880000,0x00000000e1880000,0x00000000e1e00000)
 ParOldGen       total 33280K, used 7923K [0x00000000a0000000, 0x00000000a2080000, 0x00000000e0000000)
  object space 33280K, 23% used [0x00000000a0000000,0x00000000a07bcf48,0x00000000a2080000)
 Metaspace       used 23445K, capacity 23928K, committed 24192K, reserved 1071104K
  class space    used 3191K, capacity 3341K, committed 3456K, reserved 1048576K
Event: 17.436 GC heap after
Heap after GC invocations=12 (full 1):
 PSYoungGen      total 30720K, used 3124K [0x00000000e0000000, 0x00000000e2c00000, 0x0000000100000000)
  eden space 25088K, 0% used [0x00000000e0000000,0x00000000e0000000,0x00000000e1880000)
  from space 5632K, 55% used [0x00000000e1880000,0x00000000e1b8d288,0x00000000e1e00000)
  to   space 5632K, 0% used [0x00000000e2680000,0x00000000e2680000,0x00000000e2c00000)
 ParOldGen       total 33280K, used 7931K [0x00000000a0000000, 0x00000000a2080000, 0x00000000e0000000)
  object space 33280K, 23% used [0x00000000a0000000,0x00000000a07bef48,0x00000000a2080000)
 Metaspace       used 23445K, capacity 23928K, committed 24192K, reserved 1071104K
  class space    used 3191K, capacity 3341K, committed 3456K, reserved 1048576K
}
Event: 18.635 GC heap before
{Heap before GC invocations=13 (full 1):
 PSYoungGen      total 30720K, used 28212K [0x00000000e0000000, 0x00000000e2c00000, 0x0000000100000000)
  eden space 25088K, 100% used [0x00000000e0000000,0x00000000e1880000,0x00000000e1880000)
  from space 5632K, 55% used [0x00000000e1880000,0x00000000e1b8d288,0x00000000e1e00000)
  to   space 5632K, 0% used [0x00000000e2680000,0x00000000e2680000,0x00000000e2c00000)
 ParOldGen       total 33280K, used 7931K [0x00000000a0000000, 0x00000000a2080000, 0x00000000e0000000)
  object space 33280K, 23% used [0x00000000a0000000,0x00000000a07bef48,0x00000000a2080000)
 Metaspace       used 25920K, capacity 26366K, committed 26496K, reserved 1073152K
  class space    used 3510K, capacity 3662K, committed 3712K, reserved 1048576K
Event: 18.647 GC heap after
Heap after GC invocations=13 (full 1):
 PSYoungGen      total 37376K, used 2622K [0x00000000e0000000, 0x00000000e2a80000, 0x0000000100000000)
  eden space 33280K, 0% used [0x00000000e0000000,0x00000000e0000000,0x00000000e2080000)
  from space 4096K, 64% used [0x00000000e2680000,0x00000000e290f8b0,0x00000000e2a80000)
  to   space 5120K, 0% used [0x00000000e2080000,0x00000000e2080000,0x00000000e2580000)
 ParOldGen       total 33280K, used 9594K [0x00000000a0000000, 0x00000000a2080000, 0x00000000e0000000)
  object space 33280K, 28% used [0x00000000a0000000,0x00000000a095eab0,0x00000000a2080000)
 Metaspace       used 25920K, capacity 26366K, committed 26496K, reserved 1073152K
  class space    used 3510K, capacity 3662K, committed 3712K, reserved 1048576K
}
Event: 20.564 GC heap before
{Heap before GC invocations=14 (full 1):
 PSYoungGen      total 37376K, used 35902K [0x00000000e0000000, 0x00000000e2a80000, 0x0000000100000000)
  eden space 33280K, 100% used [0x00000000e0000000,0x00000000e2080000,0x00000000e2080000)
  from space 4096K, 64% used [0x00000000e2680000,0x00000000e290f8b0,0x00000000e2a80000)
  to   space 5120K, 0% used [0x00000000e2080000,0x00000000e2080000,0x00000000e2580000)
 ParOldGen       total 33280K, used 9594K [0x00000000a0000000, 0x00000000a2080000, 0x00000000e0000000)
  object space 33280K, 28% used [0x00000000a0000000,0x00000000a095eab0,0x00000000a2080000)
 Metaspace       used 27513K, capacity 28072K, committed 28416K, reserved 1073152K
  class space    used 3812K, capacity 3995K, committed 4096K, reserved 1048576K
Event: 20.576 GC heap after
Heap after GC invocations=14 (full 1):
 PSYoungGen      total 38400K, used 2992K [0x00000000e0000000, 0x00000000e3400000, 0x0000000100000000)
  eden space 33280K, 0% used [0x00000000e0000000,0x00000000e0000000,0x00000000e2080000)
  from space 5120K, 58% used [0x00000000e2080000,0x00000000e236c220,0x00000000e2580000)
  to   space 5120K, 0% used [0x00000000e2f00000,0x00000000e2f00000,0x00000000e3400000)
 ParOldGen       total 33280K, used 10175K [0x00000000a0000000, 0x00000000a2080000, 0x00000000e0000000)
  object space 33280K, 30% used [0x00000000a0000000,0x00000000a09efca8,0x00000000a2080000)
 Metaspace       used 27513K, capacity 28072K, committed 28416K, reserved 1073152K
  class space    used 3812K, capacity 3995K, committed 4096K, reserved 1048576K
}

